<?xml version="1.0" encoding="UTF-8"?>
<!-- Generated by org.testng.reporters.JUnitReportReporter -->
<testsuite hostname="Dell" failures="0" tests="1" name="practice.DemoTest" time="0.032" errors="0" timestamp="2023-05-02T11:55:35 IST" skipped="0">
  <testcase classname="practice.DemoTest" name="method" time="0.032"/>
  <system-out/>
</testsuite> <!-- practice.DemoTest -->
